  714  cp 2019-01.csv January.txt
  715  sort -n January.txt
  716  cp 2019-01.csv January.txt
  717  vi January.txt
  722  sort -k 8n January.txt
  723  vim January.txt
  724  sort -k 8n January.txt
  725  vim January.txt
  726  cd taxidata
  727  cut -d "," -f 8 2019-01.csv > January.txt
  728  sort -n pu* > JanPickup.txt
  729  sort -n Janu* > JanPickup.txt
  730  uniq -c JanPickup.txt > JanSorted.txt
  731  head JanSorted.txt
  732  tail JanSorted.txt
  733  sort -n JanSorted.txt > JanSortedCount.txt
  734  tail JanSortedCount.txt
  745  tail -5 JanSortedCount.txt > ws3.txt
  746  vim ws3.txt
  747  cut -d "," -f 8 2019-02.csv > Feb.txt
  748  sort -n Fe* > FebSort.txt
  749  uniq -c FebS* > FebSorted.txt
  750  head FebSorted.txt
  751  sort -n FebSorted.txt > FebSortedCount.txt
  752  tail FebSortedC*
  753  tail -5 FebSortedC* >> ws3.txt
  754  vim ws3.txt
  755  mv ws3.txt ../
  756  cd
  757  mv ws3.txt cs131/ws3/
  758  cd cs131/ws3/
