    1  passwd
    2  git clone https://git.kernel.org/pub/scm/git/git.git
    3  wget www.github.com
    4  git --version
    5  tar -zxf git-2.8.0.tar.gz
    6  cd git-2.8.0
    7  git clone https://git.kernel.org/pub/scm/git/git.git
    8  mkdir /tmp/tutorial
    9  cd /tmp/tutorial
   10  dir1 dir2dir3dasd
   11  mkdir ws1
   12  git clone https://github.com/BrandonLeeSJSU/cs131
   13  mkdir ws1
   14  history > cmds.log
   15  git push origin cs131
   16  echo "# cs131" >> README.md
   17  git init
   18  git add README.md
   19  git commit -m "first commit"
   20  git branch -M main
   21  git remote add origin https://github.com/BrandonLeeSJSU/cs131.git
   22  git push -u origin main 
   23  pbcopy < ~/.ssh/id_rsa.pub
   24  mkdir /tmp/tutorial
   25  cd /tmp/tutorialmkdir /tmp/tutorial
   26  git init
   27  git config --global init.defaultBranch main
   28  git config --global init.defaultBranch <cs131>
   29  git config --global init.defaultBranch cs131
   30  git branch -m cs131
   31  git --version
   32  mkdir ws1
   33  pwd
   34  history >cmds.log
   35  ls
   36  history > cmds.log
   37  git config --global user.email "brandon.lee01@sjsu.edu"
   38  git config --global user.name "Brandon"
   39  git add .
   40  pwd
   41  cd cs131
   42  pwd
   43  cs ws1
   44  ls
   45  cd ws1
   46  git add .
   47  git commit -m cmds.log
   48  git add
  470  tar zxvf taxidata.tar.gz
  472  cd taxidata
  474  tail -20 2019-03.csv
  475  grep -20 2019-03-12 2019-03.csv
  477  cd taxidata
  478  grep -20 "2019-03-12" 2019-03.csv
  479  tail -20 "2019-03-12" 2019-03.csv
  480  tail -20 (2019-03-12) 2019-03.csv
  481  tail -20 [2019-03-12] 2019-03.csv
  482  tail -20 2019-03.csv > results.txt
  483  cat results.txt
  484  tail -20 '2019-03-12' 2019-03.csv > results.txt
  485  grep -20 '2019-03-12' 2019-03.csv > results.txt
  486  cat results.txt
  487  grep "^2019-03-12" 2019-03.csv > results.txt
  488  cat results.txt
  489  grep -20 "^2019-03-12" 2019-03.csv > results.txt
  490  cat results.txt
  491  tail -20 "^2019-03-12" 2019-03.csv > results.txt
  492  wc results.txt
  493  grep "^2019-03-12" 2019-03.csv > results.txt
  494  cat results.txt
  495  grep -20 "^2019-03-12" 2019-03.csv > results.txt
  496  cat results.t
  497  cat results.txt
  498  tail -20 '2019-03-12' 2019-03.csv > results.txt
  499  tail -20 "2019-03-12" 2019-03.csv
  500  tail -20 2019-03.csv
  501  tail -20 2019-03.csv > results.txt
  502  cat results.txt
  503  wc >> results.txt
  504  cat results.txt
  505  wc results.txt >> results.txt
  506  cat results.txt
  507  history > cmds.log
